<?xml version="1.0" encoding="UTF-8"?>
<!-- Generated by org.testng.reporters.JUnitXMLReporter -->
<testsuite hostname="WKWIN2458637" name="Test" tests="5" failures="0" timestamp="5 Jul 2018 19:30:58 GMT" time="55.352" errors="0">
  <testcase name="testEasy" time="41.701" classname="testScript.NewTest_ExtentReportV3"/>
  <testcase name="captureScreenshot" time="9.323" classname="testScript.NewTest_ExtentReportV3"/>
  <testcase name="TestToPass" time="2.498" classname="testScript.NewTest_ExtentReportV3"/>
  <testcase name="TestToSkip" time="0.002" classname="testScript.NewTest_ExtentReportV3">
    <skipped/>
  </testcase> <!-- TestToSkip -->
  <testcase name="TestToFail" time="0.002" classname="testScript.NewTest_ExtentReportV3"/>
</testsuite> <!-- Test -->
