<?xml version="1.0" encoding="UTF-8"?>
<!-- Generated by org.testng.reporters.JUnitXMLReporter -->
<testsuite hostname="WKWIN2458637" name="Parallel Test" tests="5" failures="0" timestamp="7 Jul 2018 07:32:04 GMT" time="40.123" errors="0">
  <testcase name="testEasy" time="12.106" classname="testScript.NewTest_ExtentReportV3"/>
  <testcase name="captureScreenshot" time="9.585" classname="testScript.NewTest_ExtentReportV3"/>
  <testcase name="TestToPass" time="4.068" classname="testScript.NewTest_ExtentReportV3"/>
  <testcase name="TestToSkip" time="0.005" classname="testScript.NewTest_ExtentReportV3">
    <skipped/>
  </testcase> <!-- TestToSkip -->
  <testcase name="TestToFail" time="0.002" classname="testScript.NewTest_ExtentReportV3"/>
</testsuite> <!-- Parallel Test -->
